[14:41:57.705] Global cache location '/Users/thecsw/Library/Caches/typescript/4.1', safe file path '/usr/local/lib/node_modules/typescript/lib/typingsafelist.json', types map path /usr/local/lib/node_modules/typescript/lib/typesmap.json
[14:41:57.706] Processing cache location '/Users/thecsw/Library/Caches/typescript/4.1'
[14:41:57.706] Trying to find '/Users/thecsw/Library/Caches/typescript/4.1/package.json'...
[14:41:57.706] Finished processing cache location '/Users/thecsw/Library/Caches/typescript/4.1'
[14:41:57.707] Process id: 72126
[14:41:57.707] NPM location: /opt/homebrew/Cellar/node/16.9.1/bin/npm (explicit '--npmLocation' not  provided)
[14:41:57.707] validateDefaultNpmLocation: false
[14:41:57.707] Npm config file: /Users/thecsw/Library/Caches/typescript/4.1/package.json
[14:41:57.707] Updating types-registry npm package...
[14:41:57.707] Exec: /opt/homebrew/Cellar/node/16.9.1/bin/npm install --ignore-scripts types-registry@latest
[14:41:57.729]     Failed. stdout:
    stderr:
    /bin/sh: /opt/homebrew/Cellar/node/16.9.1/bin/npm: No such file or directory
    
[14:41:57.729] Updated types-registry npm package
[14:41:57.729] Types registry file '/Users/thecsw/Library/Caches/typescript/4.1/node_modules/types-registry/index.json' does not exist
[14:41:58.368] Got install request {"projectName":"/dev/null/inferredProject1*","fileNames":["/usr/local/lib/node_modules/typescript/lib/lib.d.ts","/usr/local/lib/node_modules/typescript/lib/lib.es5.d.ts","/usr/local/lib/node_modules/typescript/lib/lib.dom.d.ts","/usr/local/lib/node_modules/typescript/lib/lib.webworker.importscripts.d.ts","/usr/local/lib/node_modules/typescript/lib/lib.scripthost.d.ts","/Users/thecsw/gits/katya-web/src/main.js"],"compilerOptions":{"target":1,"jsx":1,"allowNonTsExtensions":true,"allowJs":true,"noEmitForJsFiles":true,"maxNodeModuleJsDepth":2},"typeAcquisition":{"enable":true,"include":[],"exclude":[]},"unresolvedImports":[],"projectRootPath":"/Users/thecsw/gits/katya-web/src","kind":"discover"}
[14:41:58.382] Loaded safelist from types map file '/usr/local/lib/node_modules/typescript/lib/typesmap.json'
[14:41:58.382] Explicitly included types: []
[14:41:58.383] Inferred typings from unresolved imports: []
[14:41:58.383] Result: {"cachedTypingPaths":[],"newTypingNames":[],"filesToWatch":["/Users/thecsw/gits/katya-web/src/bower_components","/Users/thecsw/gits/katya-web/src/node_modules"]}
[14:41:58.383] Finished typings discovery: {"cachedTypingPaths":[],"newTypingNames":[],"filesToWatch":["/Users/thecsw/gits/katya-web/src/bower_components","/Users/thecsw/gits/katya-web/src/node_modules"]}
[14:41:58.383] DirectoryWatcher:: Added:: WatchInfo: /Users/thecsw/gits/katya-web/src/bower_components
[14:41:58.383] DirectoryWatcher:: Added:: WatchInfo: /Users/thecsw/gits/katya-web/src/node_modules
[14:41:58.384] Sending response:
    {"projectName":"/dev/null/inferredProject1*","typeAcquisition":{"enable":true,"include":[],"exclude":[]},"compilerOptions":{"target":1,"jsx":1,"allowNonTsExtensions":true,"allowJs":true,"noEmitForJsFiles":true,"maxNodeModuleJsDepth":2},"typings":[],"unresolvedImports":[],"kind":"action::set"}
[14:41:58.384] Response has been sent.
[14:41:58.384] No new typings were requested as a result of typings discovery
